<?xml version="1.0" encoding="UTF-8"?>
<testsuite xmlns:xsi="http://www.w3.org/2001/XMLSchema-instance" xsi:noNamespaceSchemaLocation="https://maven.apache.org/surefire/maven-surefire-plugin/xsd/surefire-test-report.xsd" name="fr.ufrsciencestech.panier.model.OrangeTest" time="0.021" tests="5" errors="0" skipped="0" failures="3">
  <properties>
    <property name="sun.desktop" value="gnome"/>
    <property name="awt.toolkit" value="sun.awt.X11.XToolkit"/>
    <property name="java.specification.version" value="11"/>
    <property name="sun.cpu.isalist" value=""/>
    <property name="sun.jnu.encoding" value="UTF-8"/>
    <property name="java.class.path" value="/home/ao5843431/Documents/GitHub/ProjetPanier/Panier/target/test-classes:/home/ao5843431/Documents/GitHub/ProjetPanier/Panier/target/classes:/home/ao5843431/.m2/repository/junit/junit/4.11/junit-4.11.jar:/home/ao5843431/.m2/repository/org/hamcrest/hamcrest-core/1.3/hamcrest-core-1.3.jar:/home/ao5843431/.m2/repository/org/springframework/spring-context/2.0.5/spring-context-2.0.5.jar:/home/ao5843431/.m2/repository/aopalliance/aopalliance/1.0/aopalliance-1.0.jar:/home/ao5843431/.m2/repository/commons-logging/commons-logging/1.1/commons-logging-1.1.jar:/home/ao5843431/.m2/repository/log4j/log4j/1.2.12/log4j-1.2.12.jar:/home/ao5843431/.m2/repository/logkit/logkit/1.0.1/logkit-1.0.1.jar:/home/ao5843431/.m2/repository/avalon-framework/avalon-framework/4.1.3/avalon-framework-4.1.3.jar:/home/ao5843431/.m2/repository/javax/servlet/servlet-api/2.3/servlet-api-2.3.jar:/home/ao5843431/.m2/repository/org/springframework/spring-beans/2.0.5/spring-beans-2.0.5.jar:/home/ao5843431/.m2/repository/org/springframework/spring-core/2.0.5/spring-core-2.0.5.jar:/home/ao5843431/.m2/repository/org/mockito/mockito-all/1.9.5/mockito-all-1.9.5.jar:"/>
    <property name="java.vm.vendor" value="Debian"/>
    <property name="sun.arch.data.model" value="64"/>
    <property name="java.vendor.url" value="https://tracker.debian.org/openjdk-11"/>
    <property name="user.timezone" value=""/>
    <property name="java.vm.specification.version" value="11"/>
    <property name="os.name" value="Linux"/>
    <property name="user.country" value="FR"/>
    <property name="sun.java.launcher" value="SUN_STANDARD"/>
    <property name="sun.boot.library.path" value="/usr/lib/jvm/java-11-openjdk-amd64/lib"/>
    <property name="sun.java.command" value="/home/ao5843431/Documents/GitHub/ProjetPanier/Panier/target/surefire/surefirebooter3289636265115585136.jar /home/ao5843431/Documents/GitHub/ProjetPanier/Panier/target/surefire 2023-11-08T22-28-19_724-jvmRun1 surefire17247367038294252106tmp surefire_09593294654410186279tmp"/>
    <property name="jdk.debug" value="release"/>
    <property name="surefire.test.class.path" value="/home/ao5843431/Documents/GitHub/ProjetPanier/Panier/target/test-classes:/home/ao5843431/Documents/GitHub/ProjetPanier/Panier/target/classes:/home/ao5843431/.m2/repository/junit/junit/4.11/junit-4.11.jar:/home/ao5843431/.m2/repository/org/hamcrest/hamcrest-core/1.3/hamcrest-core-1.3.jar:/home/ao5843431/.m2/repository/org/springframework/spring-context/2.0.5/spring-context-2.0.5.jar:/home/ao5843431/.m2/repository/aopalliance/aopalliance/1.0/aopalliance-1.0.jar:/home/ao5843431/.m2/repository/commons-logging/commons-logging/1.1/commons-logging-1.1.jar:/home/ao5843431/.m2/repository/log4j/log4j/1.2.12/log4j-1.2.12.jar:/home/ao5843431/.m2/repository/logkit/logkit/1.0.1/logkit-1.0.1.jar:/home/ao5843431/.m2/repository/avalon-framework/avalon-framework/4.1.3/avalon-framework-4.1.3.jar:/home/ao5843431/.m2/repository/javax/servlet/servlet-api/2.3/servlet-api-2.3.jar:/home/ao5843431/.m2/repository/org/springframework/spring-beans/2.0.5/spring-beans-2.0.5.jar:/home/ao5843431/.m2/repository/org/springframework/spring-core/2.0.5/spring-core-2.0.5.jar:/home/ao5843431/.m2/repository/org/mockito/mockito-all/1.9.5/mockito-all-1.9.5.jar:"/>
    <property name="sun.cpu.endian" value="little"/>
    <property name="user.home" value="/home/ao5843431"/>
    <property name="user.language" value="fr"/>
    <property name="java.specification.vendor" value="Oracle Corporation"/>
    <property name="java.version.date" value="2023-10-17"/>
    <property name="java.home" value="/usr/lib/jvm/java-11-openjdk-amd64"/>
    <property name="file.separator" value="/"/>
    <property name="basedir" value="/home/ao5843431/Documents/GitHub/ProjetPanier/Panier"/>
    <property name="java.vm.compressedOopsMode" value="32-bit"/>
    <property name="line.separator" value="&#10;"/>
    <property name="java.specification.name" value="Java Platform API Specification"/>
    <property name="java.vm.specification.vendor" value="Oracle Corporation"/>
    <property name="java.awt.graphicsenv" value="sun.awt.X11GraphicsEnvironment"/>
    <property name="surefire.real.class.path" value="/home/ao5843431/Documents/GitHub/ProjetPanier/Panier/target/surefire/surefirebooter3289636265115585136.jar"/>
    <property name="sun.management.compiler" value="HotSpot 64-Bit Tiered Compilers"/>
    <property name="java.runtime.version" value="11.0.21+9-post-Debian-1deb11u1"/>
    <property name="user.name" value="ao5843431"/>
    <property name="path.separator" value=":"/>
    <property name="os.version" value="5.10.0-26-amd64"/>
    <property name="java.runtime.name" value="OpenJDK Runtime Environment"/>
    <property name="file.encoding" value="UTF-8"/>
    <property name="java.vm.name" value="OpenJDK 64-Bit Server VM"/>
    <property name="maven.ext.class.path" value="/usr/lib/apache-netbeans/java/maven-nblib/netbeans-eventspy.jar"/>
    <property name="localRepository" value="/home/ao5843431/.m2/repository"/>
    <property name="java.vendor.url.bug" value="https://bugs.debian.org/openjdk-11"/>
    <property name="java.io.tmpdir" value="/tmp"/>
    <property name="java.version" value="11.0.21"/>
    <property name="user.dir" value="/home/ao5843431/Documents/GitHub/ProjetPanier/Panier"/>
    <property name="os.arch" value="amd64"/>
    <property name="java.vm.specification.name" value="Java Virtual Machine Specification"/>
    <property name="java.awt.printerjob" value="sun.print.PSPrinterJob"/>
    <property name="sun.os.patch.level" value="unknown"/>
    <property name="java.library.path" value="/usr/java/packages/lib:/usr/lib/x86_64-linux-gnu/jni:/lib/x86_64-linux-gnu:/usr/lib/x86_64-linux-gnu:/usr/lib/jni:/lib:/usr/lib"/>
    <property name="java.vm.info" value="mixed mode, sharing"/>
    <property name="java.vendor" value="Debian"/>
    <property name="java.vm.version" value="11.0.21+9-post-Debian-1deb11u1"/>
    <property name="java.specification.maintenance.version" value="2"/>
    <property name="sun.io.unicode.encoding" value="UnicodeLittle"/>
    <property name="java.class.version" value="55.0"/>
  </properties>
  <testcase name="testToString" classname="fr.ufrsciencestech.panier.model.OrangeTest" time="0.007">
    <failure type="java.lang.AssertionError">java.lang.AssertionError
</failure>
  </testcase>
  <testcase name="testGetPrix" classname="fr.ufrsciencestech.panier.model.OrangeTest" time="0.002"/>
  <testcase name="testSetOrigine" classname="fr.ufrsciencestech.panier.model.OrangeTest" time="0">
    <failure type="java.lang.AssertionError">java.lang.AssertionError
</failure>
  </testcase>
  <testcase name="testEquals" classname="fr.ufrsciencestech.panier.model.OrangeTest" time="0.001"/>
  <testcase name="testSetPrix" classname="fr.ufrsciencestech.panier.model.OrangeTest" time="0.001">
    <failure type="java.lang.AssertionError">java.lang.AssertionError
</failure>
  </testcase>
</testsuite>